<?xml version="1.0" encoding="UTF-8"?>
<!-- Generated by org.testng.reporters.JUnitReportReporter -->
<testsuite skipped="0" hostname="LAPTOP-AKU8L8FO" name="RestAssured.RestAPI.SimpleGetTest" tests="1" failures="0" timestamp="2021-06-08T08:30:23 IST" time="3.929" errors="0">
  <testcase name="GetWeatherDetails" time="3.929" classname="RestAssured.RestAPI.SimpleGetTest"/>
  <system-out/>
</testsuite> <!-- RestAssured.RestAPI.SimpleGetTest -->
